2023-08-23T11:58:20+00:00 CRITICAL Uncaught Error: Failed opening required 'template/template-accordion-element-.php' (include_path='.:/usr/local/lib/php') in /var/www/html/wp-content/plugins/radiantthemes-addons/accordion/class-radiantthemes-style-accordion.php:520
Stack trace:
#0 /var/www/html/wp-includes/shortcodes.php(395): RadiantThemes_Style_Accordion->radiantthemes_accordion_style_item_func()
#1 [internal function]: do_shortcode_tag()
#2 /var/www/html/wp-includes/shortcodes.php(235): preg_replace_callback()
#3 /var/www/html/wp-content/plugins/js_composer/include/classes/editors/class-vc-frontend-editor.php(755): do_shortcode()
#4 /var/www/html/wp-content/plugins/js_composer/include/classes/editors/class-vc-frontend-editor.php(679): Vc_Frontend_Editor->renderShortcodes()
#5 /var/www/html/wp-includes/class-wp-hook.php(310): Vc_Frontend_Editor->loadShortcodes()
#6 /var/www/html/wp-includes/class-wp-hook.php(334): WP_Hook->apply_filters()
#7 /var/www/html/wp-includes/plugin.php(517): WP_Hook->do_action()
#8 /var/www/html/wp-includes/template-loader.php(13): do_action()
#9 /var/www/html/wp-blog-header.php(19): require_once('...')
#10 /var/www/html/index.php(17): require('...')
#11 {main}
  thrown in /var/www/html/wp-content/plugins/radiantthemes-addons/accordion/class-radiantthemes-style-accordion.php on line 520

2023-08-23T12:01:16+00:00 CRITICAL Uncaught Error: Failed opening required 'template/template-accordion-element-.php' (include_path='.:/usr/local/lib/php') in /var/www/html/wp-content/plugins/radiantthemes-addons/accordion/class-radiantthemes-style-accordion.php:520
Stack trace:
#0 /var/www/html/wp-includes/shortcodes.php(395): RadiantThemes_Style_Accordion->radiantthemes_accordion_style_item_func()
#1 [internal function]: do_shortcode_tag()
#2 /var/www/html/wp-includes/shortcodes.php(235): preg_replace_callback()
#3 /var/www/html/wp-content/plugins/js_composer/include/classes/editors/class-vc-frontend-editor.php(755): do_shortcode()
#4 /var/www/html/wp-content/plugins/js_composer/include/classes/editors/class-vc-frontend-editor.php(679): Vc_Frontend_Editor->renderShortcodes()
#5 /var/www/html/wp-includes/class-wp-hook.php(310): Vc_Frontend_Editor->loadShortcodes()
#6 /var/www/html/wp-includes/class-wp-hook.php(334): WP_Hook->apply_filters()
#7 /var/www/html/wp-includes/plugin.php(517): WP_Hook->do_action()
#8 /var/www/html/wp-includes/template-loader.php(13): do_action()
#9 /var/www/html/wp-blog-header.php(19): require_once('...')
#10 /var/www/html/index.php(17): require('...')
#11 {main}
  thrown in /var/www/html/wp-content/plugins/radiantthemes-addons/accordion/class-radiantthemes-style-accordion.php on line 520

2023-08-23T12:02:07+00:00 CRITICAL Uncaught Error: Failed opening required 'template/template-accordion-element-.php' (include_path='.:/usr/local/lib/php') in /var/www/html/wp-content/plugins/radiantthemes-addons/accordion/class-radiantthemes-style-accordion.php:520
Stack trace:
#0 /var/www/html/wp-includes/shortcodes.php(395): RadiantThemes_Style_Accordion->radiantthemes_accordion_style_item_func()
#1 [internal function]: do_shortcode_tag()
#2 /var/www/html/wp-includes/shortcodes.php(235): preg_replace_callback()
#3 /var/www/html/wp-content/plugins/js_composer/include/classes/editors/class-vc-frontend-editor.php(755): do_shortcode()
#4 /var/www/html/wp-content/plugins/js_composer/include/classes/editors/class-vc-frontend-editor.php(679): Vc_Frontend_Editor->renderShortcodes()
#5 /var/www/html/wp-includes/class-wp-hook.php(310): Vc_Frontend_Editor->loadShortcodes()
#6 /var/www/html/wp-includes/class-wp-hook.php(334): WP_Hook->apply_filters()
#7 /var/www/html/wp-includes/plugin.php(517): WP_Hook->do_action()
#8 /var/www/html/wp-includes/template-loader.php(13): do_action()
#9 /var/www/html/wp-blog-header.php(19): require_once('...')
#10 /var/www/html/index.php(17): require('...')
#11 {main}
  thrown in /var/www/html/wp-content/plugins/radiantthemes-addons/accordion/class-radiantthemes-style-accordion.php on line 520

2023-08-23T12:04:41+00:00 CRITICAL Uncaught Error: Failed opening required 'template/template-accordion-element-.php' (include_path='.:/usr/local/lib/php') in /var/www/html/wp-content/plugins/radiantthemes-addons/accordion/class-radiantthemes-style-accordion.php:520
Stack trace:
#0 /var/www/html/wp-includes/shortcodes.php(395): RadiantThemes_Style_Accordion->radiantthemes_accordion_style_item_func()
#1 [internal function]: do_shortcode_tag()
#2 /var/www/html/wp-includes/shortcodes.php(235): preg_replace_callback()
#3 /var/www/html/wp-content/plugins/js_composer/include/classes/editors/class-vc-frontend-editor.php(755): do_shortcode()
#4 /var/www/html/wp-content/plugins/js_composer/include/classes/editors/class-vc-frontend-editor.php(679): Vc_Frontend_Editor->renderShortcodes()
#5 /var/www/html/wp-includes/class-wp-hook.php(310): Vc_Frontend_Editor->loadShortcodes()
#6 /var/www/html/wp-includes/class-wp-hook.php(334): WP_Hook->apply_filters()
#7 /var/www/html/wp-includes/plugin.php(517): WP_Hook->do_action()
#8 /var/www/html/wp-includes/template-loader.php(13): do_action()
#9 /var/www/html/wp-blog-header.php(19): require_once('...')
#10 /var/www/html/index.php(17): require('...')
#11 {main}
  thrown in /var/www/html/wp-content/plugins/radiantthemes-addons/accordion/class-radiantthemes-style-accordion.php on line 520

